Using pre-set license
Built from '2020.2/release' branch; Version is '2020.2.2f1 (068178b99f32) revision 426360'; Using compiler version '192528614'; Build Type 'Release'
OS: 'Windows 10 Education; OS build 19044.1889; Version 2009; 64bit' Language: 'en' Physical Memory: 32535 MB
BatchMode: 1, IsHumanControllingUs: 0, StartBugReporterOnCrash: 0, Is64bit: 1, IsPro: 0

 COMMAND LINE ARGUMENTS:
C:\Program Files\Unity\Hub\Editor\2020.2.2f1\Editor\Unity.exe
-adb2
-batchMode
-noUpm
-name
AssetImportWorker0
-projectPath
C:/Users/wilkea2/Documents/Summer2022/SoC_Stuff/Unity_Folder/Save our City
-logFile
Logs/AssetImportWorker0.log
-srvPort
53874
Successfully changed project path to: C:/Users/wilkea2/Documents/Summer2022/SoC_Stuff/Unity_Folder/Save our City
C:/Users/wilkea2/Documents/Summer2022/SoC_Stuff/Unity_Folder/Save our City
Using Asset Import Pipeline V2.
Refreshing native plugins compatible for Editor in 35.80 ms, found 1 plugins.
Preloading 0 native plugins for Editor in 0.00 ms.
Initialize engine version: 2020.2.2f1 (068178b99f32)
[Subsystems] Discovering subsystems at path C:/Program Files/Unity/Hub/Editor/2020.2.2f1/Editor/Data/Resources/UnitySubsystems
[Subsystems] Discovering subsystems at path C:/Users/wilkea2/Documents/Summer2022/SoC_Stuff/Unity_Folder/Save our City/Assets
GfxDevice: creating device client; threaded=0
Direct3D:
    Version:  Direct3D 11.0 [level 11.1]
    Renderer: NVIDIA GeForce GTX 1650 with Max-Q Design (ID=0x1f91)
    Vendor:   
    VRAM:     3962 MB
    Driver:   30.0.14.7291
Initialize mono
Mono path[0] = 'C:/Program Files/Unity/Hub/Editor/2020.2.2f1/Editor/Data/Managed'
Mono path[1] = 'C:/Program Files/Unity/Hub/Editor/2020.2.2f1/Editor/Data/MonoBleedingEdge/lib/mono/unityjit'
Mono config path = 'C:/Program Files/Unity/Hub/Editor/2020.2.2f1/Editor/Data/MonoBleedingEdge/etc'
Using monoOptions --debugger-agent=transport=dt_socket,embedding=1,server=y,suspend=n,address=127.0.0.1:56004
Begin MonoManager ReloadAssembly
Registering precompiled unity dll's ...
Register platform support module: C:/Program Files/Unity/Hub/Editor/2020.2.2f1/Editor/Data/PlaybackEngines/WebGLSupport/UnityEditor.WebGL.Extensions.dll
Register platform support module: C:/Program Files/Unity/Hub/Editor/2020.2.2f1/Editor/Data/PlaybackEngines/WindowsStandaloneSupport/UnityEditor.WindowsStandalone.Extensions.dll
Registered in 0.002647 seconds.
Native extension for WindowsStandalone target not found
Native extension for WebGL target not found
Refreshing native plugins compatible for Editor in 36.86 ms, found 1 plugins.
Preloading 0 native plugins for Editor in 0.00 ms.
Invoked RoslynAnalysisRunner static constructor.
RoslynAnalysisRunner will not be running.
RoslynAnalysisRunner has terminated.
Mono: successfully reloaded assembly
- Completed reload, in  1.408 seconds
Platform modules already initialized, skipping
Registering precompiled user dll's ...
Registered in 0.001107 seconds.
Begin MonoManager ReloadAssembly
Native extension for WindowsStandalone target not found
Native extension for WebGL target not found
Refreshing native plugins compatible for Editor in 40.24 ms, found 1 plugins.
Preloading 0 native plugins for Editor in 0.00 ms.
Invoked RoslynAnalysisRunner static constructor.
RoslynAnalysisRunner will not be running.
RoslynAnalysisRunner has terminated.
Mono: successfully reloaded assembly
- Completed reload, in  0.992 seconds
Platform modules already initialized, skipping
========================================================================
Worker process is ready to serve import requests
Launched and connected shader compiler UnityShaderCompiler.exe after 0.06 seconds
Refreshing native plugins compatible for Editor in 0.67 ms, found 1 plugins.
Preloading 0 native plugins for Editor in 0.00 ms.
Unloading 1817 Unused Serialized files (Serialized files now loaded: 0)
System memory in use before: 85.7 MB.
System memory in use after: 85.6 MB.

Unloading 24 unused Assets to reduce memory usage. Loaded Objects now: 2260.
Total: 2.741800 ms (FindLiveObjects: 0.240900 ms CreateObjectMapping: 0.077600 ms MarkObjects: 2.206800 ms  DeleteObjects: 0.215200 ms)

========================================================================
Received Import Request.
  path: Assets/Scripts/ActionDescriptions.cs
  artifactKey: Guid(5cb9b0f9baa49554d8c3e556b47155fe) Importer(815301076,1909f56bfc062723c751e8b465ee728b)
Start importing Assets/Scripts/ActionDescriptions.cs using Guid(5cb9b0f9baa49554d8c3e556b47155fe) Importer(815301076,1909f56bfc062723c751e8b465ee728b)  -> (artifact id: '00f387e6bf5b7df659025f79a771e1b7') in 0.043940 seconds
  Import took 0.047442 seconds .

========================================================================
Received Import Request.
  Time since last request: 0.002912 seconds.
  path: Assets/Scripts/ActionDescriptions.cs
  artifactKey: Guid(5cb9b0f9baa49554d8c3e556b47155fe) Importer(815301076,1909f56bfc062723c751e8b465ee728b)
Start importing Assets/Scripts/ActionDescriptions.cs using Guid(5cb9b0f9baa49554d8c3e556b47155fe) Importer(815301076,1909f56bfc062723c751e8b465ee728b)  -> (artifact id: '00f387e6bf5b7df659025f79a771e1b7') in 0.001736 seconds
  Import took 0.004897 seconds .

========================================================================
Received Prepare
Registering precompiled user dll's ...
Registered in 0.001028 seconds.
Begin MonoManager ReloadAssembly
Native extension for WindowsStandalone target not found
Native extension for WebGL target not found
Refreshing native plugins compatible for Editor in 0.38 ms, found 1 plugins.
Preloading 0 native plugins for Editor in 0.00 ms.
Invoked RoslynAnalysisRunner static constructor.
RoslynAnalysisRunner will not be running.
RoslynAnalysisRunner has terminated.
Mono: successfully reloaded assembly
- Completed reload, in  0.877 seconds
Platform modules already initialized, skipping
Refreshing native plugins compatible for Editor in 0.36 ms, found 1 plugins.
Preloading 0 native plugins for Editor in 0.00 ms.
Unloading 1812 Unused Serialized files (Serialized files now loaded: 0)
System memory in use before: 85.7 MB.
System memory in use after: 85.7 MB.

Unloading 12 unused Assets to reduce memory usage. Loaded Objects now: 2263.
Total: 2.300100 ms (FindLiveObjects: 0.204000 ms CreateObjectMapping: 0.076500 ms MarkObjects: 1.908900 ms  DeleteObjects: 0.109500 ms)

========================================================================
Received Prepare
Registering precompiled user dll's ...
Registered in 0.001234 seconds.
Begin MonoManager ReloadAssembly
Native extension for WindowsStandalone target not found
Native extension for WebGL target not found
Refreshing native plugins compatible for Editor in 0.48 ms, found 1 plugins.
Preloading 0 native plugins for Editor in 0.00 ms.
Invoked RoslynAnalysisRunner static constructor.
RoslynAnalysisRunner will not be running.
RoslynAnalysisRunner has terminated.
Mono: successfully reloaded assembly
- Completed reload, in  0.993 seconds
Platform modules already initialized, skipping
Refreshing native plugins compatible for Editor in 1.84 ms, found 1 plugins.
Preloading 0 native plugins for Editor in 0.00 ms.
Unloading 1812 Unused Serialized files (Serialized files now loaded: 0)
System memory in use before: 85.8 MB.
System memory in use after: 85.8 MB.

Unloading 12 unused Assets to reduce memory usage. Loaded Objects now: 2266.
Total: 2.032300 ms (FindLiveObjects: 0.208000 ms CreateObjectMapping: 0.076100 ms MarkObjects: 1.585400 ms  DeleteObjects: 0.160800 ms)

========================================================================
Received Prepare
Registering precompiled user dll's ...
Registered in 0.004661 seconds.
Begin MonoManager ReloadAssembly
Native extension for WindowsStandalone target not found
Native extension for WebGL target not found
Refreshing native plugins compatible for Editor in 0.63 ms, found 1 plugins.
Preloading 0 native plugins for Editor in 0.00 ms.
Invoked RoslynAnalysisRunner static constructor.
RoslynAnalysisRunner will not be running.
RoslynAnalysisRunner has terminated.
Mono: successfully reloaded assembly
- Completed reload, in  3.014 seconds
Platform modules already initialized, skipping
Refreshing native plugins compatible for Editor in 3.27 ms, found 1 plugins.
Preloading 0 native plugins for Editor in 0.00 ms.
Unloading 1812 Unused Serialized files (Serialized files now loaded: 0)
System memory in use before: 85.9 MB.
System memory in use after: 85.9 MB.

Unloading 12 unused Assets to reduce memory usage. Loaded Objects now: 2269.
Total: 3.175400 ms (FindLiveObjects: 0.300700 ms CreateObjectMapping: 0.095800 ms MarkObjects: 2.574600 ms  DeleteObjects: 0.202700 ms)

========================================================================
Received Prepare
Registering precompiled user dll's ...
Registered in 0.001570 seconds.
Begin MonoManager ReloadAssembly
Native extension for WindowsStandalone target not found
Native extension for WebGL target not found
Refreshing native plugins compatible for Editor in 0.40 ms, found 1 plugins.
Preloading 0 native plugins for Editor in 0.00 ms.
Invoked RoslynAnalysisRunner static constructor.
RoslynAnalysisRunner will not be running.
RoslynAnalysisRunner has terminated.
Mono: successfully reloaded assembly
- Completed reload, in  1.165 seconds
Platform modules already initialized, skipping
Refreshing native plugins compatible for Editor in 0.41 ms, found 1 plugins.
Preloading 0 native plugins for Editor in 0.00 ms.
Unloading 1812 Unused Serialized files (Serialized files now loaded: 0)
System memory in use before: 86.0 MB.
System memory in use after: 86.0 MB.

Unloading 12 unused Assets to reduce memory usage. Loaded Objects now: 2272.
Total: 2.487900 ms (FindLiveObjects: 0.269400 ms CreateObjectMapping: 0.121000 ms MarkObjects: 1.955000 ms  DeleteObjects: 0.141400 ms)

========================================================================
Received Prepare
Registering precompiled user dll's ...
Registered in 0.001902 seconds.
Begin MonoManager ReloadAssembly
Native extension for WindowsStandalone target not found
Native extension for WebGL target not found
Refreshing native plugins compatible for Editor in 0.51 ms, found 1 plugins.
Preloading 0 native plugins for Editor in 0.00 ms.
Invoked RoslynAnalysisRunner static constructor.
RoslynAnalysisRunner will not be running.
RoslynAnalysisRunner has terminated.
Mono: successfully reloaded assembly
- Completed reload, in  1.338 seconds
Platform modules already initialized, skipping
Refreshing native plugins compatible for Editor in 0.50 ms, found 1 plugins.
Preloading 0 native plugins for Editor in 0.00 ms.
Unloading 1812 Unused Serialized files (Serialized files now loaded: 0)
System memory in use before: 86.1 MB.
System memory in use after: 86.1 MB.

Unloading 12 unused Assets to reduce memory usage. Loaded Objects now: 2275.
Total: 8.573100 ms (FindLiveObjects: 0.650900 ms CreateObjectMapping: 0.767100 ms MarkObjects: 6.852100 ms  DeleteObjects: 0.295900 ms)

========================================================================
Received Prepare
Registering precompiled user dll's ...
Registered in 0.003160 seconds.
Begin MonoManager ReloadAssembly
Native extension for WindowsStandalone target not found
Native extension for WebGL target not found
Refreshing native plugins compatible for Editor in 0.53 ms, found 1 plugins.
Preloading 0 native plugins for Editor in 0.00 ms.
Invoked RoslynAnalysisRunner static constructor.
RoslynAnalysisRunner will not be running.
RoslynAnalysisRunner has terminated.
Mono: successfully reloaded assembly
- Completed reload, in  2.488 seconds
Platform modules already initialized, skipping
Refreshing native plugins compatible for Editor in 0.64 ms, found 1 plugins.
Preloading 0 native plugins for Editor in 0.00 ms.
Unloading 1812 Unused Serialized files (Serialized files now loaded: 0)
System memory in use before: 86.2 MB.
System memory in use after: 86.2 MB.

Unloading 12 unused Assets to reduce memory usage. Loaded Objects now: 2278.
Total: 2.333200 ms (FindLiveObjects: 0.211800 ms CreateObjectMapping: 0.063200 ms MarkObjects: 1.924900 ms  DeleteObjects: 0.132200 ms)

========================================================================
Received Prepare
Registering precompiled user dll's ...
Registered in 0.001259 seconds.
Begin MonoManager ReloadAssembly
Native extension for WindowsStandalone target not found
Native extension for WebGL target not found
Refreshing native plugins compatible for Editor in 0.68 ms, found 1 plugins.
Preloading 0 native plugins for Editor in 0.00 ms.
Invoked RoslynAnalysisRunner static constructor.
RoslynAnalysisRunner will not be running.
RoslynAnalysisRunner has terminated.
Mono: successfully reloaded assembly
- Completed reload, in  1.905 seconds
Platform modules already initialized, skipping
Refreshing native plugins compatible for Editor in 0.51 ms, found 1 plugins.
Preloading 0 native plugins for Editor in 0.00 ms.
Unloading 1812 Unused Serialized files (Serialized files now loaded: 0)
System memory in use before: 86.3 MB.
System memory in use after: 86.3 MB.

Unloading 12 unused Assets to reduce memory usage. Loaded Objects now: 2281.
Total: 3.944500 ms (FindLiveObjects: 0.259000 ms CreateObjectMapping: 0.106000 ms MarkObjects: 3.402800 ms  DeleteObjects: 0.174400 ms)

========================================================================
Received Prepare
Registering precompiled user dll's ...
Registered in 0.001638 seconds.
Begin MonoManager ReloadAssembly
Native extension for WindowsStandalone target not found
Native extension for WebGL target not found
Refreshing native plugins compatible for Editor in 0.72 ms, found 1 plugins.
Preloading 0 native plugins for Editor in 0.00 ms.
Invoked RoslynAnalysisRunner static constructor.
RoslynAnalysisRunner will not be running.
RoslynAnalysisRunner has terminated.
Mono: successfully reloaded assembly
- Completed reload, in  1.699 seconds
Platform modules already initialized, skipping
Refreshing native plugins compatible for Editor in 0.66 ms, found 1 plugins.
Preloading 0 native plugins for Editor in 0.00 ms.
Unloading 1812 Unused Serialized files (Serialized files now loaded: 0)
System memory in use before: 86.4 MB.
System memory in use after: 86.4 MB.

Unloading 12 unused Assets to reduce memory usage. Loaded Objects now: 2284.
Total: 8.533200 ms (FindLiveObjects: 0.507300 ms CreateObjectMapping: 0.221300 ms MarkObjects: 7.188500 ms  DeleteObjects: 0.611200 ms)

========================================================================
Received Prepare
Registering precompiled user dll's ...
Registered in 0.001846 seconds.
Begin MonoManager ReloadAssembly
Native extension for WindowsStandalone target not found
Native extension for WebGL target not found
Refreshing native plugins compatible for Editor in 0.56 ms, found 1 plugins.
Preloading 0 native plugins for Editor in 0.00 ms.
Invoked RoslynAnalysisRunner static constructor.
RoslynAnalysisRunner will not be running.
RoslynAnalysisRunner has terminated.
Mono: successfully reloaded assembly
- Completed reload, in  2.995 seconds
Platform modules already initialized, skipping
Refreshing native plugins compatible for Editor in 0.36 ms, found 1 plugins.
Preloading 0 native plugins for Editor in 0.00 ms.
Unloading 1812 Unused Serialized files (Serialized files now loaded: 0)
System memory in use before: 86.5 MB.
System memory in use after: 86.5 MB.

Unloading 12 unused Assets to reduce memory usage. Loaded Objects now: 2287.
Total: 2.690600 ms (FindLiveObjects: 0.255700 ms CreateObjectMapping: 0.054500 ms MarkObjects: 2.224700 ms  DeleteObjects: 0.154600 ms)

========================================================================
Received Import Request.
  Time since last request: 95137.279378 seconds.
  path: Assets/Scripts/ActionGeneralScript.cs
  artifactKey: Guid(561526d935281054782203d2784332bb) Importer(815301076,1909f56bfc062723c751e8b465ee728b)
Start importing Assets/Scripts/ActionGeneralScript.cs using Guid(561526d935281054782203d2784332bb) Importer(815301076,1909f56bfc062723c751e8b465ee728b)  -> (artifact id: '8e0c94bb9e2c3fdb2624bf6b182e9549') in 0.016800 seconds
  Import took 0.023083 seconds .

========================================================================
Received Import Request.
  Time since last request: 1.921995 seconds.
  path: Assets/Scripts/ActionHistoryScript.cs
  artifactKey: Guid(39c6c79791d8fe640aee6e4e9b704473) Importer(815301076,1909f56bfc062723c751e8b465ee728b)
Start importing Assets/Scripts/ActionHistoryScript.cs using Guid(39c6c79791d8fe640aee6e4e9b704473) Importer(815301076,1909f56bfc062723c751e8b465ee728b)  -> (artifact id: '1317258f815db602d5cf703934a647e7') in 0.011280 seconds
  Import took 0.016934 seconds .

========================================================================
Received Import Request.
  Time since last request: 1.941764 seconds.
  path: Assets/Scripts/ActionSpecificsScript.cs
  artifactKey: Guid(fbfdeb9247bf43a4b877dd7117e28e50) Importer(815301076,1909f56bfc062723c751e8b465ee728b)
Start importing Assets/Scripts/ActionSpecificsScript.cs using Guid(fbfdeb9247bf43a4b877dd7117e28e50) Importer(815301076,1909f56bfc062723c751e8b465ee728b)  -> (artifact id: 'cd907f71838559dcb77ad31b695274d8') in 0.011546 seconds
  Import took 0.016108 seconds .

========================================================================
Received Import Request.
  Time since last request: 5.308161 seconds.
  path: Assets/Scripts/ActionTrackerManager.cs
  artifactKey: Guid(d82c8b0cc72080a4f99d8b85a85769be) Importer(815301076,1909f56bfc062723c751e8b465ee728b)
Start importing Assets/Scripts/ActionTrackerManager.cs using Guid(d82c8b0cc72080a4f99d8b85a85769be) Importer(815301076,1909f56bfc062723c751e8b465ee728b)  -> (artifact id: '2166449c7b867b1953c95847e6606e98') in 0.012602 seconds
  Import took 0.020228 seconds .

========================================================================
Received Import Request.
  Time since last request: 2.448764 seconds.
  path: Assets/Scripts/BarHandler.cs
  artifactKey: Guid(d972c44c80dbd89408e12571d5297143) Importer(815301076,1909f56bfc062723c751e8b465ee728b)
Start importing Assets/Scripts/BarHandler.cs using Guid(d972c44c80dbd89408e12571d5297143) Importer(815301076,1909f56bfc062723c751e8b465ee728b)  -> (artifact id: 'fa4ab456d147ea20ed46328cfe1dea19') in 0.004731 seconds
  Import took 0.013370 seconds .

========================================================================
Received Import Request.
  Time since last request: 0.001896 seconds.
  path: Assets/Scripts/BarHandler.cs
  artifactKey: Guid(d972c44c80dbd89408e12571d5297143) Importer(815301076,1909f56bfc062723c751e8b465ee728b)
Start importing Assets/Scripts/BarHandler.cs using Guid(d972c44c80dbd89408e12571d5297143) Importer(815301076,1909f56bfc062723c751e8b465ee728b)  -> (artifact id: 'fa4ab456d147ea20ed46328cfe1dea19') in 0.004481 seconds
  Import took 0.010850 seconds .

========================================================================
Received Import Request.
  Time since last request: 4.406228 seconds.
  path: Assets/Scripts/GenButtonsScript.cs
  artifactKey: Guid(1b68681cfc6d9d744ae08d1abaa74222) Importer(815301076,1909f56bfc062723c751e8b465ee728b)
Start importing Assets/Scripts/GenButtonsScript.cs using Guid(1b68681cfc6d9d744ae08d1abaa74222) Importer(815301076,1909f56bfc062723c751e8b465ee728b)  -> (artifact id: 'b9817a816ba14549589371173eac94ca') in 0.003192 seconds
  Import took 0.009341 seconds .

========================================================================
Received Import Request.
  Time since last request: 3.073471 seconds.
  path: Assets/Scripts/HideScript.cs
  artifactKey: Guid(fb39ca5f6866ada499ad15a8cb9db7db) Importer(815301076,1909f56bfc062723c751e8b465ee728b)
Start importing Assets/Scripts/HideScript.cs using Guid(fb39ca5f6866ada499ad15a8cb9db7db) Importer(815301076,1909f56bfc062723c751e8b465ee728b)  -> (artifact id: '3218b5e60d44c34c93dd5f5b185ff282') in 0.011152 seconds
  Import took 0.015944 seconds .

========================================================================
Received Import Request.
  Time since last request: 5.163274 seconds.
  path: Assets/Scripts/MainVariables.cs
  artifactKey: Guid(2f484a067d27d294f8b932debdf9f4bf) Importer(815301076,1909f56bfc062723c751e8b465ee728b)
Start importing Assets/Scripts/MainVariables.cs using Guid(2f484a067d27d294f8b932debdf9f4bf) Importer(815301076,1909f56bfc062723c751e8b465ee728b)  -> (artifact id: '6976756d7aeb62a1c6cacae310e1a802') in 0.003196 seconds
  Import took 0.007510 seconds .

========================================================================
Received Import Request.
  Time since last request: 0.005680 seconds.
  path: Assets/Scripts/MainVariables.cs
  artifactKey: Guid(2f484a067d27d294f8b932debdf9f4bf) Importer(815301076,1909f56bfc062723c751e8b465ee728b)
Start importing Assets/Scripts/MainVariables.cs using Guid(2f484a067d27d294f8b932debdf9f4bf) Importer(815301076,1909f56bfc062723c751e8b465ee728b)  -> (artifact id: '6976756d7aeb62a1c6cacae310e1a802') in 0.003186 seconds
  Import took 0.007527 seconds .

========================================================================
Received Import Request.
  Time since last request: 1.934535 seconds.
  path: Assets/Scripts/MapEditingTextManager.cs
  artifactKey: Guid(2fc79b752ce81c44c9a791a649e1de63) Importer(815301076,1909f56bfc062723c751e8b465ee728b)
Start importing Assets/Scripts/MapEditingTextManager.cs using Guid(2fc79b752ce81c44c9a791a649e1de63) Importer(815301076,1909f56bfc062723c751e8b465ee728b)  -> (artifact id: '0e77ba85622767e72054398e9ba37d93') in 0.013494 seconds
  Import took 0.021176 seconds .

========================================================================
Received Import Request.
  Time since last request: 2.971063 seconds.
  path: Assets/Scripts/MapManagement.cs
  artifactKey: Guid(1cca188e763a72640aea4babe9bbe359) Importer(815301076,1909f56bfc062723c751e8b465ee728b)
Start importing Assets/Scripts/MapManagement.cs using Guid(1cca188e763a72640aea4babe9bbe359) Importer(815301076,1909f56bfc062723c751e8b465ee728b)  -> (artifact id: 'c96d93204ce4fa3a50feeaa1614a5714') in 0.003522 seconds
  Import took 0.015966 seconds .

========================================================================
Received Import Request.
  Time since last request: 2.084930 seconds.
  path: Assets/Scripts/PlayerCanvasManager.cs
  artifactKey: Guid(68fb56e9d61248544bbdf3280cdae06a) Importer(815301076,1909f56bfc062723c751e8b465ee728b)
Start importing Assets/Scripts/PlayerCanvasManager.cs using Guid(68fb56e9d61248544bbdf3280cdae06a) Importer(815301076,1909f56bfc062723c751e8b465ee728b)  -> (artifact id: '50c442b2c62554132eacd0e1ce68aebb') in 0.010319 seconds
  Import took 0.015284 seconds .

========================================================================
Received Import Request.
  Time since last request: 2.263558 seconds.
  path: Assets/Scripts/PlayerVarManager.cs
  artifactKey: Guid(90a86ec417535b8479808da538e6c033) Importer(815301076,1909f56bfc062723c751e8b465ee728b)
Start importing Assets/Scripts/PlayerVarManager.cs using Guid(90a86ec417535b8479808da538e6c033) Importer(815301076,1909f56bfc062723c751e8b465ee728b)  -> (artifact id: '1541a38e8fb733bf39d18d5150b2bc95') in 0.011397 seconds
  Import took 0.017025 seconds .

========================================================================
Received Import Request.
  Time since last request: 2.075151 seconds.
  path: Assets/Scripts/PlusMinusScript.cs
  artifactKey: Guid(dc2abb61f61d9e9409b7a6da4cf5504f) Importer(815301076,1909f56bfc062723c751e8b465ee728b)
Start importing Assets/Scripts/PlusMinusScript.cs using Guid(dc2abb61f61d9e9409b7a6da4cf5504f) Importer(815301076,1909f56bfc062723c751e8b465ee728b)  -> (artifact id: '969d34bfa5e95c76385264b784bca7a3') in 0.010901 seconds
  Import took 0.016103 seconds .

========================================================================
Received Import Request.
  Time since last request: 3.292828 seconds.
  path: Assets/Scripts/PopupManager.cs
  artifactKey: Guid(5913d2d638e16434aaca70f1a921d313) Importer(815301076,1909f56bfc062723c751e8b465ee728b)
Start importing Assets/Scripts/PopupManager.cs using Guid(5913d2d638e16434aaca70f1a921d313) Importer(815301076,1909f56bfc062723c751e8b465ee728b)  -> (artifact id: '63b4993cdeccb2115db16a33b6435a9d') in 0.003980 seconds
  Import took 0.018057 seconds .

========================================================================
Received Import Request.
  Time since last request: 2.703021 seconds.
  path: Assets/Scripts/QuizScoreMngr.cs
  artifactKey: Guid(31002565c52d13b499502e8503bb2e96) Importer(815301076,1909f56bfc062723c751e8b465ee728b)
Start importing Assets/Scripts/QuizScoreMngr.cs using Guid(31002565c52d13b499502e8503bb2e96) Importer(815301076,1909f56bfc062723c751e8b465ee728b)  -> (artifact id: 'ff831ae5968adb29ceca9f4aa7b621bc') in 0.011475 seconds
  Import took 0.016821 seconds .

========================================================================
Received Import Request.
  Time since last request: 2.518455 seconds.
  path: Assets/Scripts/RoleTracker.cs
  artifactKey: Guid(452775a31bfd03f43acb55427c67449d) Importer(815301076,1909f56bfc062723c751e8b465ee728b)
Start importing Assets/Scripts/RoleTracker.cs using Guid(452775a31bfd03f43acb55427c67449d) Importer(815301076,1909f56bfc062723c751e8b465ee728b)  -> (artifact id: 'f7a699eff302f68b2067746b375d2964') in 0.011502 seconds
  Import took 0.016938 seconds .

========================================================================
Received Import Request.
  Time since last request: 3.268081 seconds.
  path: Assets/Scripts/SessionManagement.cs
  artifactKey: Guid(5bf37be022f0d4045a7a4152ee95b165) Importer(815301076,1909f56bfc062723c751e8b465ee728b)
Start importing Assets/Scripts/SessionManagement.cs using Guid(5bf37be022f0d4045a7a4152ee95b165) Importer(815301076,1909f56bfc062723c751e8b465ee728b)  -> (artifact id: '622c988fbc50d65fb95530ab4a20b654') in 0.011348 seconds
  Import took 0.017198 seconds .

========================================================================
Received Import Request.
  Time since last request: 5.688791 seconds.
  path: Assets/Scripts/SetbacksScript.cs
  artifactKey: Guid(3b364f442ecaf4f478e6b1e61e24c7e4) Importer(815301076,1909f56bfc062723c751e8b465ee728b)
Start importing Assets/Scripts/SetbacksScript.cs using Guid(3b364f442ecaf4f478e6b1e61e24c7e4) Importer(815301076,1909f56bfc062723c751e8b465ee728b)  -> (artifact id: '1c4e674d586b3dc4795e7fd5b979ae2b') in 0.004934 seconds
  Import took 0.011362 seconds .

========================================================================
Received Import Request.
  Time since last request: 4.801162 seconds.
  path: Assets/Scripts/SingleActionManagement.cs
  artifactKey: Guid(ef75ccf4cfe04e241a02bd5281b897be) Importer(815301076,1909f56bfc062723c751e8b465ee728b)
Start importing Assets/Scripts/SingleActionManagement.cs using Guid(ef75ccf4cfe04e241a02bd5281b897be) Importer(815301076,1909f56bfc062723c751e8b465ee728b)  -> (artifact id: 'e151239b6c511259d2b46797d78230b3') in 0.003242 seconds
  Import took 0.017369 seconds .

========================================================================
Received Import Request.
  Time since last request: 2.092971 seconds.
  path: Assets/Scripts/SynergyTextScript.cs
  artifactKey: Guid(9e05edd8dc0c6cb488ca25d0e7f1b264) Importer(815301076,1909f56bfc062723c751e8b465ee728b)
Start importing Assets/Scripts/SynergyTextScript.cs using Guid(9e05edd8dc0c6cb488ca25d0e7f1b264) Importer(815301076,1909f56bfc062723c751e8b465ee728b)  -> (artifact id: '4d2bbb52778a5e37aac46d706f433e8a') in 0.002205 seconds
  Import took 0.009612 seconds .

========================================================================
Received Import Request.
  Time since last request: 3.938598 seconds.
  path: Assets/Scripts/TabManagement.cs
  artifactKey: Guid(0a4bde7cf6089ad4b861b5a2729a7516) Importer(815301076,1909f56bfc062723c751e8b465ee728b)
Start importing Assets/Scripts/TabManagement.cs using Guid(0a4bde7cf6089ad4b861b5a2729a7516) Importer(815301076,1909f56bfc062723c751e8b465ee728b)  -> (artifact id: 'e999771f7195a271d9ff5b227bba87d0') in 0.003341 seconds
  Import took 0.007570 seconds .

